<?xml version="1.0" encoding="UTF-8"?>
<testng-results ignored="0" total="1" passed="1" failed="0" skipped="0">
  <reporter-output>
  </reporter-output>
  <suite started-at="2022-04-18T13:09:51 IST" name="Default suite" finished-at="2022-04-18T13:10:30 IST" duration-ms="39339">
    <groups>
    </groups>
    <test started-at="2022-04-18T13:09:51 IST" name="Default test" finished-at="2022-04-18T13:10:30 IST" duration-ms="39339">
      <class name="TestCases.OrderPageTest">
        <test-method is-config="true" signature="setup()[pri:0, instance:TestCases.OrderPageTest@2e6a8155]" started-at="2022-04-18T13:09:51 IST" name="setup" finished-at="2022-04-18T13:10:02 IST" duration-ms="11252" status="PASS">
          <reporter-output>
          </reporter-output>
        </test-method> <!-- setup -->
        <test-method signature="valuesTest()[pri:0, instance:TestCases.OrderPageTest@2e6a8155]" started-at="2022-04-18T13:10:02 IST" name="valuesTest" finished-at="2022-04-18T13:10:30 IST" duration-ms="27418" status="PASS">
          <reporter-output>
          </reporter-output>
        </test-method> <!-- valuesTest -->
        <test-method is-config="true" signature="exit()[pri:0, instance:TestCases.OrderPageTest@2e6a8155]" started-at="2022-04-18T13:10:30 IST" name="exit" finished-at="2022-04-18T13:10:30 IST" duration-ms="558" status="PASS">
          <reporter-output>
          </reporter-output>
        </test-method> <!-- exit -->
      </class> <!-- TestCases.OrderPageTest -->
    </test> <!-- Default test -->
  </suite> <!-- Default suite -->
</testng-results>
